[    0.000000] Linux version 4.15.0-151-generic (buildd@lgw01-amd64-042) (gcc version 7.5.0 (Ubuntu 7.5.0-3ubuntu1~18.04)) #157-Ubuntu SMP Fri Jul 9 23:07:57 UTC 2021 (Ubuntu 4.15.0-151.157-generic 4.15.18)
[    0.000000] Command line: BOOT_IMAGE=/boot/vmlinuz-4.15.0-151-generic root=LABEL=cloudimg-rootfs ro console=tty1 console=ttyS0
[    0.000000] KERNEL supported cpus:
[    0.000000]   Intel GenuineIntel
[    0.000000]   AMD AuthenticAMD
[    0.000000]   Centaur CentaurHauls
[    0.000000] x86/fpu: Supporting XSAVE feature 0x001: 'x87 floating point registers'
[    0.000000] x86/fpu: Supporting XSAVE feature 0x002: 'SSE registers'
[    0.000000] x86/fpu: Supporting XSAVE feature 0x004: 'AVX registers'
[    0.000000] x86/fpu: xstate_offset[2]:  576, xstate_sizes[2]:  256
[    0.000000] x86/fpu: Enabled xstate features 0x7, context size is 832 bytes, using 'standard' format.
[    0.000000] e820: BIOS-provided physical RAM map:
[    0.000000] BIOS-e820: [mem 0x0000000000000000-0x000000000009fbff] usable
[    0.000000] BIOS-e820: [mem 0x000000000009fc00-0x000000000009ffff] reserved
[    0.000000] BIOS-e820: [mem 0x00000000000f0000-0x00000000000fffff] reserved
[    0.000000] BIOS-e820: [mem 0x0000000000100000-0x000000007ffeffff] usable
[    0.000000] BIOS-e820: [mem 0x000000007fff0000-0x000000007fffffff] ACPI data
[    0.000000] BIOS-e820: [mem 0x00000000fec00000-0x00000000fec00fff] reserved
[    0.000000] BIOS-e820: [mem 0x00000000fee00000-0x00000000fee00fff] reserved
[    0.000000] BIOS-e820: [mem 0x00000000fffc0000-0x00000000ffffffff] reserved
[    0.000000] NX (Execute Disable) protection: active
[    0.000000] SMBIOS 2.5 present.
[    0.000000] DMI: innotek GmbH VirtualBox/VirtualBox, BIOS VirtualBox 12/01/2006
[    0.000000] Hypervisor detected: KVM
[    0.000000] e820: last_pfn = 0x7fff0 max_arch_pfn = 0x400000000
[    0.000000] MTRR: Disabled
[    0.000000] x86/PAT: MTRRs disabled, skipping PAT initialization too.
[    0.000000] CPU MTRRs all blank - virtualized system.
[    0.000000] x86/PAT: Configuration [0-7]: WB  WT  UC- UC  WB  WT  UC- UC  
[    0.000000] found SMP MP-table at [mem 0x0009fff0-0x0009ffff]
[    0.000000] Scanning 1 areas for low memory corruption
[    0.000000] RAMDISK: [mem 0x359d1000-0x36cdffff]
[    0.000000] ACPI: Early table checksum verification disabled
[    0.000000] ACPI: RSDP 0x00000000000E0000 000024 (v02 VBOX  )
[    0.000000] ACPI: XSDT 0x000000007FFF0030 00003C (v01 VBOX   VBOXXSDT 00000001 ASL  00000061)
[    0.000000] ACPI: FACP 0x000000007FFF00F0 0000F4 (v04 VBOX   VBOXFACP 00000001 ASL  00000061)
[    0.000000] ACPI: DSDT 0x000000007FFF0470 002325 (v02 VBOX   VBOXBIOS 00000002 INTL 20120111)
[    0.000000] ACPI: FACS 0x000000007FFF0200 000040
[    0.000000] ACPI: FACS 0x000000007FFF0200 000040
[    0.000000] ACPI: APIC 0x000000007FFF0240 00005C (v02 VBOX   VBOXAPIC 00000001 ASL  00000061)
[    0.000000] ACPI: SSDT 0x000000007FFF02A0 0001CC (v01 VBOX   VBOXCPUT 00000002 INTL 20120111)
[    0.000000] ACPI: Reserving FACP table memory at [mem 0x7fff00f0-0x7fff01e3]
[    0.000000] ACPI: Reserving DSDT table memory at [mem 0x7fff0470-0x7fff2794]
[    0.000000] ACPI: Reserving FACS table memory at [mem 0x7fff0200-0x7fff023f]
[    0.000000] ACPI: Reserving FACS table memory at [mem 0x7fff0200-0x7fff023f]
[    0.000000] ACPI: Reserving APIC table memory at [mem 0x7fff0240-0x7fff029b]
[    0.000000] ACPI: Reserving SSDT table memory at [mem 0x7fff02a0-0x7fff046b]
[    0.000000] No NUMA configuration found
[    0.000000] Faking a node at [mem 0x0000000000000000-0x000000007ffeffff]
[    0.000000] NODE_DATA(0) allocated [mem 0x7ffc5000-0x7ffeffff]
[    0.000000] kvm-clock: cpu 0, msr 0:7ff44001, primary cpu clock
[    0.000000] kvm-clock: Using msrs 4b564d01 and 4b564d00
[    0.000000] kvm-clock: using sched offset of 4032950258 cycles
[    0.000000] clocksource: kvm-clock: mask: 0xffffffffffffffff max_cycles: 0x1cd42e4dffb, max_idle_ns: 881590591483 ns
[    0.000000] Zone ranges:
[    0.000000]   DMA      [mem 0x0000000000001000-0x0000000000ffffff]
[    0.000000]   DMA32    [mem 0x0000000001000000-0x000000007ffeffff]
[    0.000000]   Normal   empty
[    0.000000]   Device   empty
[    0.000000] Movable zone start for each node
[    0.000000] Early memory node ranges
[    0.000000]   node   0: [mem 0x0000000000001000-0x000000000009efff]
[    0.000000]   node   0: [mem 0x0000000000100000-0x000000007ffeffff]
[    0.000000] Reserved but unavailable: 104 pages
[    0.000000] Initmem setup node 0 [mem 0x0000000000001000-0x000000007ffeffff]
[    0.000000] ACPI: PM-Timer IO Port: 0x4008
[    0.000000] IOAPIC[0]: apic_id 2, version 32, address 0xfec00000, GSI 0-23
[    0.000000] ACPI: INT_SRC_OVR (bus 0 bus_irq 0 global_irq 2 dfl dfl)
[    0.000000] ACPI: INT_SRC_OVR (bus 0 bus_irq 9 global_irq 9 low level)
[    0.000000] Using ACPI (MADT) for SMP configuration information
[    0.000000] smpboot: Allowing 2 CPUs, 0 hotplug CPUs
[    0.000000] PM: Registered nosave memory: [mem 0x00000000-0x00000fff]
[    0.000000] PM: Registered nosave memory: [mem 0x0009f000-0x0009ffff]
[    0.000000] PM: Registered nosave memory: [mem 0x000a0000-0x000effff]
[    0.000000] PM: Registered nosave memory: [mem 0x000f0000-0x000fffff]
[    0.000000] e820: [mem 0x80000000-0xfebfffff] available for PCI devices
[    0.000000] Booting paravirtualized kernel on KVM
[    0.000000] clocksource: refined-jiffies: mask: 0xffffffff max_cycles: 0xffffffff, max_idle_ns: 7645519600211568 ns
[    0.000000] random: get_random_bytes called from start_kernel+0x99/0x500 with crng_init=0
[    0.000000] setup_percpu: NR_CPUS:8192 nr_cpumask_bits:2 nr_cpu_ids:2 nr_node_ids:1
[    0.000000] percpu: Embedded 45 pages/cpu s147456 r8192 d28672 u1048576
[    0.000000] PV qspinlock hash table entries: 256 (order: 0, 4096 bytes)
[    0.000000] Built 1 zonelists, mobility grouping on.  Total pages: 515961
[    0.000000] Policy zone: DMA32
[    0.000000] Kernel command line: BOOT_IMAGE=/boot/vmlinuz-4.15.0-151-generic root=LABEL=cloudimg-rootfs ro console=tty1 console=ttyS0
[    0.000000] Memory: 2014912K/2096696K available (12300K kernel code, 2483K rwdata, 4320K rodata, 2448K init, 2724K bss, 81784K reserved, 0K cma-reserved)
[    0.000000] SLUB: HWalign=64, Order=0-3, MinObjects=0, CPUs=2, Nodes=1
[    0.000000] Kernel/User page tables isolation: enabled
[    0.000000] ftrace: allocating 39460 entries in 155 pages
[    0.004000] Hierarchical RCU implementation.
[    0.004000] 	RCU restricting CPUs from NR_CPUS=8192 to nr_cpu_ids=2.
[    0.004000] 	Tasks RCU enabled.
[    0.004000] RCU: Adjusting geometry for rcu_fanout_leaf=16, nr_cpu_ids=2
[    0.004000] NR_IRQS: 524544, nr_irqs: 440, preallocated irqs: 16
[    0.004000] Console: colour VGA+ 80x25
[    0.004000] console [tty1] enabled
[    0.004000] console [ttyS0] enabled
[    0.004000] ACPI: Core revision 20170831
[    0.004000] ACPI: 2 ACPI AML tables successfully acquired and loaded
[    0.004000] APIC: Switch to symmetric I/O mode setup
[    0.004000] x2apic enabled
[    0.004000] Switched APIC routing to physical x2apic.
[    0.004000] ..TIMER: vector=0x30 apic1=0 pin1=2 apic2=-1 pin2=-1
[    0.004003] tsc: Detected 2400.000 MHz processor
[    0.004803] Calibrating delay loop (skipped) preset value.. 4800.00 BogoMIPS (lpj=9600000)
[    0.005499] pid_max: default: 32768 minimum: 301
[    0.006496] Security Framework initialized
[    0.008001] Yama: becoming mindful.
[    0.008926] AppArmor: AppArmor initialized
[    0.012029] Dentry cache hash table entries: 262144 (order: 9, 2097152 bytes)
[    0.014349] Inode-cache hash table entries: 131072 (order: 8, 1048576 bytes)
[    0.015614] Mount-cache hash table entries: 4096 (order: 3, 32768 bytes)
[    0.016005] Mountpoint-cache hash table entries: 4096 (order: 3, 32768 bytes)
[    0.017387] Last level iTLB entries: 4KB 64, 2MB 8, 4MB 8
[    0.018303] Last level dTLB entries: 4KB 64, 2MB 0, 4MB 0, 1GB 4
[    0.020003] Spectre V1 : Mitigation: usercopy/swapgs barriers and __user pointer sanitization
[    0.021434] Spectre V2 : Mitigation: Full generic retpoline
[    0.022377] Spectre V2 : Spectre v2 / SpectreRSB mitigation: Filling RSB on context switch
[    0.024002] Speculative Store Bypass: Vulnerable
[    0.025294] SRBDS: Unknown: Dependent on hypervisor status
[    0.026286] MDS: Mitigation: Clear CPU buffers
[    0.027336] Freeing SMP alternatives memory: 36K
[    0.137831] smpboot: CPU0: Intel(R) Core(TM) i9-9980HK CPU @ 2.40GHz (family: 0x6, model: 0x9e, stepping: 0xd)
[    0.140000] Performance Events: unsupported p6 CPU model 158 no PMU driver, software events only.
[    0.140000] Hierarchical SRCU implementation.
[    0.140419] NMI watchdog: Perf event create on CPU 0 failed with -2
[    0.141495] NMI watchdog: Perf NMI watchdog permanently disabled
[    0.142555] smp: Bringing up secondary CPUs ...
[    0.143542] x86: Booting SMP configuration:
[    0.144001] .... node  #0, CPUs:      #1
[    0.004000] kvm-clock: cpu 1, msr 0:7ff44041, secondary cpu clock
[    0.148013] smp: Brought up 1 node, 2 CPUs
[    0.149359] smpboot: Max logical packages: 1
[    0.150393] smpboot: Total of 2 processors activated (9600.00 BogoMIPS)
[    0.152102] devtmpfs: initialized
[    0.152997] x86/mm: Memory block size: 128MB
[    0.154209] evm: security.selinux
[    0.156002] evm: security.SMACK64
[    0.156913] evm: security.SMACK64EXEC
[    0.157598] evm: security.SMACK64TRANSMUTE
[    0.159080] evm: security.SMACK64MMAP
[    0.159881] evm: security.apparmor
[    0.160002] evm: security.ima
[    0.160545] evm: security.capability
[    0.161266] clocksource: jiffies: mask: 0xffffffff max_cycles: 0xffffffff, max_idle_ns: 7645041785100000 ns
[    0.162169] futex hash table entries: 512 (order: 3, 32768 bytes)
[    0.164028] pinctrl core: initialized pinctrl subsystem
[    0.165019] RTC time:  0:59:58, date: 04/07/22
[    0.165889] NET: Registered protocol family 16
[    0.166727] audit: initializing netlink subsys (disabled)
[    0.168017] audit: type=2000 audit(1649293203.503:1): state=initialized audit_enabled=0 res=1
[    0.168083] cpuidle: using governor ladder
[    0.169272] cpuidle: using governor menu
[    0.172028] ACPI: bus type PCI registered
[    0.172811] acpiphp: ACPI Hot Plug PCI Controller Driver version: 0.5
[    0.173973] PCI: Using configuration type 1 for base access
[    0.177714] HugeTLB registered 2.00 MiB page size, pre-allocated 0 pages
[    0.180063] ACPI: Added _OSI(Module Device)
[    0.180825] ACPI: Added _OSI(Processor Device)
[    0.181622] ACPI: Added _OSI(3.0 _SCP Extensions)
[    0.182440] ACPI: Added _OSI(Processor Aggregator Device)
[    0.183647] ACPI: Added _OSI(Linux-Dell-Video)
[    0.184006] ACPI: Added _OSI(Linux-Lenovo-NV-HDMI-Audio)
[    0.184961] ACPI: Added _OSI(Linux-HPI-Hybrid-Graphics)
[    0.186165] ACPI: Executed 1 blocks of module-level executable AML code
[    0.190340] ACPI: Interpreter enabled
[    0.191011] ACPI: (supports S0 S5)
[    0.191690] ACPI: Using IOAPIC for interrupt routing
[    0.192170] PCI: Using host bridge windows from ACPI; if necessary, use "pci=nocrs" and report a bug
[    0.193992] ACPI: Enabled 2 GPEs in block 00 to 07
[    0.201247] ACPI: PCI Root Bridge [PCI0] (domain 0000 [bus 00-ff])
[    0.202544] acpi PNP0A03:00: _OSC: OS supports [ASPM ClockPM Segments MSI]
[    0.204000] acpi PNP0A03:00: _OSC: not requesting OS control; OS requires [ExtendedConfig ASPM ClockPM MSI]
[    0.204008] acpi PNP0A03:00: fail to add MMCONFIG information, can't access extended PCI configuration space under this bridge.
[    0.208197] PCI host bridge to bus 0000:00
[    0.209452] pci_bus 0000:00: root bus resource [io  0x0000-0x0cf7 window]
[    0.210606] pci_bus 0000:00: root bus resource [io  0x0d00-0xffff window]
[    0.211822] pci_bus 0000:00: root bus resource [mem 0x000a0000-0x000bffff window]
[    0.212002] pci_bus 0000:00: root bus resource [mem 0x80000000-0xfdffffff window]
[    0.213574] pci_bus 0000:00: root bus resource [bus 00-ff]
[    0.218194] pci 0000:00:01.1: legacy IDE quirk: reg 0x10: [io  0x01f0-0x01f7]
[    0.220003] pci 0000:00:01.1: legacy IDE quirk: reg 0x14: [io  0x03f6]
[    0.221220] pci 0000:00:01.1: legacy IDE quirk: reg 0x18: [io  0x0170-0x0177]
[    0.222441] pci 0000:00:01.1: legacy IDE quirk: reg 0x1c: [io  0x0376]
[    0.237582] pci 0000:00:07.0: quirk: [io  0x4000-0x403f] claimed by PIIX4 ACPI
[    0.238870] pci 0000:00:07.0: quirk: [io  0x4100-0x410f] claimed by PIIX4 SMB
[    0.244915] ACPI: PCI Interrupt Link [LNKA] (IRQs 5 9 10 *11)
[    0.246748] ACPI: PCI Interrupt Link [LNKB] (IRQs 5 9 *10 11)
[    0.248014] ACPI: PCI Interrupt Link [LNKC] (IRQs 5 *9 10 11)
[    0.249187] ACPI: PCI Interrupt Link [LNKD] (IRQs 5 9 10 *11)
[    0.250441] SCSI subsystem initialized
[    0.251127] pci 0000:00:02.0: vgaarb: setting as boot VGA device
[    0.251127] pci 0000:00:02.0: vgaarb: VGA device added: decodes=io+mem,owns=io+mem,locks=none
[    0.252008] pci 0000:00:02.0: vgaarb: bridge control possible
[    0.256005] vgaarb: loaded
[    0.256527] ACPI: bus type USB registered
[    0.257268] usbcore: registered new interface driver usbfs
[    0.258212] usbcore: registered new interface driver hub
[    0.259126] usbcore: registered new device driver usb
[    0.260037] EDAC MC: Ver: 3.0.0
[    0.260927] PCI: Using ACPI for IRQ routing
[    0.261118] NetLabel: Initializing
[    0.261718] NetLabel:  domain hash size = 128
[    0.264005] NetLabel:  protocols = UNLABELED CIPSOv4 CALIPSO
[    0.266044] NetLabel:  unlabeled traffic allowed by default
[    0.268088] clocksource: Switched to clocksource kvm-clock
[    0.281336] VFS: Disk quotas dquot_6.6.0
[    0.282185] VFS: Dquot-cache hash table entries: 512 (order 0, 4096 bytes)
[    0.283601] AppArmor: AppArmor Filesystem Enabled
[    0.284626] pnp: PnP ACPI init
[    0.286620] pnp: PnP ACPI: found 3 devices
[    0.295173] clocksource: acpi_pm: mask: 0xffffff max_cycles: 0xffffff, max_idle_ns: 2085701024 ns
[    0.297135] NET: Registered protocol family 2
[    0.298250] TCP established hash table entries: 16384 (order: 5, 131072 bytes)
[    0.299772] TCP bind hash table entries: 16384 (order: 6, 262144 bytes)
[    0.301166] TCP: Hash tables configured (established 16384 bind 16384)
[    0.304633] UDP hash table entries: 1024 (order: 3, 32768 bytes)
[    0.305841] UDP-Lite hash table entries: 1024 (order: 3, 32768 bytes)
[    0.307106] NET: Registered protocol family 1
[    0.307998] pci 0000:00:00.0: Limiting direct PCI/PCI transfers
[    0.309210] pci 0000:00:01.0: Activating ISA DMA hang workarounds
[    0.310439] pci 0000:00:02.0: Video device with shadowed ROM at [mem 0x000c0000-0x000dffff]
[    0.312207] Unpacking initramfs...
[    0.574546] Freeing initrd memory: 19516K
[    0.575816] clocksource: tsc: mask: 0xffffffffffffffff max_cycles: 0x22983777dd9, max_idle_ns: 440795300422 ns
[    0.577705] platform rtc_cmos: registered platform RTC device (no PNP device found)
[    0.579714] Scanning for low memory corruption every 60 seconds
[    0.581466] Initialise system trusted keyrings
[    0.582411] Key type blacklist registered
[    0.583717] workingset: timestamp_bits=36 max_order=19 bucket_order=0
[    0.585843] zbud: loaded
[    0.588676] squashfs: version 4.0 (2009/01/31) Phillip Lougher
[    0.590898] fuse init (API version 7.26)
[    0.593497] Key type asymmetric registered
[    0.594224] Asymmetric key parser 'x509' registered
[    0.595072] Block layer SCSI generic (bsg) driver version 0.4 loaded (major 246)
[    0.596674] io scheduler noop registered
[    0.597464] io scheduler deadline registered
[    0.598218] io scheduler cfq registered (default)
[    0.600160] ACPI: AC Adapter [AC] (on-line)
[    0.601041] input: Power Button as /devices/LNXSYSTM:00/LNXPWRBN:00/input/input0
[    0.602572] ACPI: Power Button [PWRF]
[    0.604085] input: Sleep Button as /devices/LNXSYSTM:00/LNXSLPBN:00/input/input1
[    0.606127] ACPI: Sleep Button [SLPF]
[    0.608238] Serial: 8250/16550 driver, 32 ports, IRQ sharing enabled
[    0.608442] ACPI: Battery Slot [BAT0] (battery present)
[    0.630764] 00:02: ttyS0 at I/O 0x3f8 (irq = 4, base_baud = 115200) is a 16550A
[    0.633646] Linux agpgart interface v0.103
[    0.636525] loop: module loaded
[    0.638043] scsi host0: ata_piix
[    0.638892] scsi host1: ata_piix
[    0.639541] ata1: PATA max UDMA/33 cmd 0x1f0 ctl 0x3f6 bmdma 0xd000 irq 14
[    0.640749] ata2: PATA max UDMA/33 cmd 0x170 ctl 0x376 bmdma 0xd008 irq 15
[    0.642176] libphy: Fixed MDIO Bus: probed
[    0.642930] tun: Universal TUN/TAP device driver, 1.6
[    0.643834] PPP generic driver version 2.4.2
[    0.644703] ehci_hcd: USB 2.0 'Enhanced' Host Controller (EHCI) Driver
[    0.645858] ehci-pci: EHCI PCI platform driver
[    0.646746] ehci-platform: EHCI generic platform driver
[    0.647876] ohci_hcd: USB 1.1 'Open' Host Controller (OHCI) Driver
[    0.649127] ohci-pci: OHCI PCI platform driver
[    0.651049] ohci-platform: OHCI generic platform driver
[    0.651999] uhci_hcd: USB Universal Host Controller Interface driver
[    0.653389] i8042: PNP: PS/2 Controller [PNP0303:PS2K,PNP0f03:PS2M] at 0x60,0x64 irq 1,12
[    0.655545] serio: i8042 KBD port at 0x60,0x64 irq 1
[    0.656454] serio: i8042 AUX port at 0x60,0x64 irq 12
[    0.657378] mousedev: PS/2 mouse device common for all mice
[    0.658522] input: AT Translated Set 2 keyboard as /devices/platform/i8042/serio0/input/input2
[    0.660320] rtc_cmos rtc_cmos: rtc core: registered rtc_cmos as rtc0
[    0.661443] rtc_cmos rtc_cmos: alarms up to one day, 114 bytes nvram
[    0.662538] i2c /dev entries driver
[    0.663366] device-mapper: uevent: version 1.0.3
[    0.664524] device-mapper: ioctl: 4.37.0-ioctl (2017-09-20) initialised: dm-devel@redhat.com
[    0.666056] ledtrig-cpu: registered to indicate activity on CPUs
[    0.667740] NET: Registered protocol family 10
[    0.671522] Segment Routing with IPv6
[    0.672480] NET: Registered protocol family 17
[    0.673305] Key type dns_resolver registered
[    0.674165] mce: Using 0 MCE banks
[    0.674802] RAS: Correctable Errors collector initialized.
[    0.675760] sched_clock: Marking stable (674121152, 0)->(845731750, -171610598)
[    0.677264] registered taskstats version 1
[    0.678010] Loading compiled-in X.509 certificates
[    0.680842] Loaded X.509 cert 'Build time autogenerated kernel key: f57eddc348b36f7d35fd4232c73b07389449520d'
[    0.683478] Loaded X.509 cert 'Canonical Ltd. Live Patch Signing: 14df34d1a87cf37625abec039ef2bf521249b969'
[    0.685924] Loaded X.509 cert 'Canonical Ltd. Kernel Module Signing: 88f752e560a1e0737e31163a466ad7b70a850c19'
[    0.687875] zswap: loaded using pool lzo/zbud
[    0.691235] Key type big_key registered
[    0.692164] Key type trusted registered
[    0.694199] Key type encrypted registered
[    0.695202] AppArmor: AppArmor sha1 policy hashing enabled
[    0.696369] ima: No TPM chip found, activating TPM-bypass! (rc=-19)
[    0.697510] ima: Allocated hash algorithm: sha1
[    0.698306] evm: HMAC attrs: 0x1
[    0.699090]   Magic number: 2:950:960
[    0.699761] memory memory11: hash matches
[    0.700627] rtc_cmos rtc_cmos: setting system clock to 2022-04-07 00:59:58 UTC (1649293198)
[    0.702664] BIOS EDD facility v0.16 2004-Jun-25, 0 devices found
[    0.703712] EDD information not available.
[    0.853448] Freeing unused kernel image memory: 2448K
[    0.864621] Write protecting the kernel read-only data: 20480k
[    0.867054] Freeing unused kernel image memory: 2008K
[    0.868758] Freeing unused kernel image memory: 1824K
[    0.876931] x86/mm: Checked W+X mappings: passed, no W+X pages found.
[    0.878630] x86/mm: Checking user space page tables
[    0.886688] x86/mm: Checked W+X mappings: passed, no W+X pages found.
Loading, please wait...
starting version 237
[    0.938843] e1000: Intel(R) PRO/1000 Network Driver - version 7.3.21-k8-NAPI
[    0.940353] e1000: Copyright (c) 1999-2006 Intel Corporation.
[    0.941901] Fusion MPT base driver 3.04.20
[    0.943052] Copyright (c) 1999-2008 LSI Corporation
[    0.946623] Fusion MPT SPI Host driver 3.04.20
[    0.957594] AVX2 version of gcm_enc/dec engaged.
[    0.958601] AES CTR mode by8 optimization enabled
[    1.153201] input: ImExPS/2 Generic Explorer Mouse as /devices/platform/i8042/serio1/input/input4
[    1.326726] e1000 0000:00:03.0 eth0: (PCI:33MHz:32-bit) 02:2a:e1:ea:70:72
[    1.328975] e1000 0000:00:03.0 eth0: Intel(R) PRO/1000 Network Connection
[    1.331928] mptbase: ioc0: Initiating bringup
[    1.333821] e1000 0000:00:03.0 enp0s3: renamed from eth0
[    1.428207] ioc0: LSI53C1030 A0: Capabilities={Initiator}
[    1.690841] scsi host2: ioc0: LSI53C1030 A0, FwRev=00000000h, Ports=1, MaxQ=256, IRQ=20
[    1.860972] scsi 2:0:0:0: Direct-Access     VBOX     HARDDISK         1.0  PQ: 0 ANSI: 5
[    2.008472] scsi target2:0:0: Beginning Domain Validation
[    2.011272] scsi target2:0:0: Domain Validation skipping write tests
[    2.012895] scsi target2:0:0: Ending Domain Validation
[    2.014228] scsi target2:0:0: asynchronous
[    2.015519] scsi 2:0:1:0: Direct-Access     VBOX     HARDDISK         1.0  PQ: 0 ANSI: 5
[    3.074129] scsi target2:0:1: Beginning Domain Validation
[    3.076517] random: fast init done
[    3.077553] scsi target2:0:1: Domain Validation skipping write tests
[    3.079245] scsi target2:0:1: Ending Domain Validation
[    3.080889] scsi target2:0:1: asynchronous
[    3.085689] random: systemd-udevd: uninitialized urandom read (16 bytes read)
[    3.087489] random: systemd-udevd: uninitialized urandom read (16 bytes read)
[    3.089495] random: systemd-udevd: uninitialized urandom read (16 bytes read)
[    3.092112] sd 2:0:0:0: Attached scsi generic sg0 type 0
[    3.093713] sd 2:0:0:0: [sda] 83886080 512-byte logical blocks: (42.9 GB/40.0 GiB)
[    3.094153] sd 2:0:1:0: [sdb] 20480 512-byte logical blocks: (10.5 MB/10.0 MiB)
[    3.095850] sd 2:0:1:0: Attached scsi generic sg1 type 0
[    3.097793] sd 2:0:1:0: [sdb] Write Protect is off
[    3.098942] sd 2:0:0:0: [sda] Write Protect is off
[    3.101753] sd 2:0:0:0: [sda] Incomplete mode parameter data
[    3.101804] sd 2:0:1:0: [sdb] Incomplete mode parameter data
[    3.102980] sd 2:0:0:0: [sda] Assuming drive cache: write through
[    3.104153] sd 2:0:1:0: [sdb] Assuming drive cache: write through
[    3.107750]  sda: sda1
[    3.108583] sd 2:0:1:0: [sdb] Attached SCSI disk
[    3.110139] sd 2:0:0:0: [sda] Attached SCSI disk
Begin: Loading essential drivers ... [    4.456560] raid6: sse2x1   gen() 14085 MB/s
[    4.504555] raid6: sse2x1   xor()  8850 MB/s
[    4.552143] raid6: sse2x2   gen() 17671 MB/s
[    4.600142] raid6: sse2x2   xor() 11176 MB/s
[    4.648156] raid6: sse2x4   gen() 16591 MB/s
[    4.696175] raid6: sse2x4   xor() 10748 MB/s
[    4.744073] raid6: avx2x1   gen() 25081 MB/s
[    4.792177] raid6: avx2x1   xor() 15843 MB/s
[    4.840152] raid6: avx2x2   gen() 33501 MB/s
[    4.888150] raid6: avx2x2   xor() 22517 MB/s
[    4.936335] raid6: avx2x4   gen() 32951 MB/s
[    4.984155] raid6: avx2x4   xor() 23285 MB/s
[    4.985415] raid6: using algorithm avx2x2 gen() 33501 MB/s
[    4.986726] raid6: .... xor() 22517 MB/s, rmw enabled
[    4.987576] raid6: using avx2x2 recovery algorithm
[    4.989531] xor: automatically using best checksumming function   avx       
[    4.991698] async_tx: api initialized (async)
done.
Begin: Running /scripts/init-premount ... done.
Begin: Mounting root file system ... Begin: Running /scripts/local-top ... done.
Begin: Running /scripts/local-premount ... [    5.026760] Btrfs loaded, crc32c=crc32c-intel
Scanning for Btrfs filesystems
done.
Warning: fsck not present, so skipping root file system
[    5.046245] EXT4-fs (sda1): mounted filesystem with ordered data mode. Opts: (null)
done.
Begin: Running /scripts/local-bottom ... done.
Begin: Running /scripts/init-bottom ... done.
[    5.161095] ip_tables: (C) 2000-2006 Netfilter Core Team
[    5.165942] systemd[1]: systemd 237 running in system mode. (+PAM +AUDIT +SELINUX +IMA +APPARMOR +SMACK +SYSVINIT +UTMP +LIBCRYPTSETUP +GCRYPT +GNUTLS +ACL +XZ +LZ4 +SECCOMP +BLKID +ELFUTILS +KMOD -IDN2 +IDN -PCRE2 default-hierarchy=hybrid)
[    5.170338] systemd[1]: Detected virtualization oracle.
[    5.171475] systemd[1]: Detected architecture x86-64.

Welcome to [1mUbuntu 18.04.5 LTS[0m!

[    5.175870] systemd[1]: Set hostname to <ubuntu>.
[    5.178602] systemd[1]: Initializing machine ID from random generator.
[    5.180384] systemd[1]: Installed transient /etc/machine-id file.
[    5.366953] systemd[1]: Reached target User and Group Name Lookups.
[[0;32m  OK  [0m] Reached target User and Group Name Lookups.
[    5.369192] systemd[1]: Started Forward Password Requests to Wall Directory Watch.
[[0;32m  OK  [0m] Started Forward Password Requests to Wall Directory Watch.
[    5.371471] systemd[1]: Reached target System Time Synchronized.
[[0;32m  OK  [0m] Reached target System Time Synchronized.
[    5.373410] systemd[1]: Reached target Swap.
[[0;32m  OK  [0m] Reached target Swap.
[[0;32m  OK  [0m] Set up automount Arbitrary Executab…rmats File System Automount Point.
[[0;32m  OK  [0m] Created slice System Slice.
[[0;32m  OK  [0m] Listening on LVM2 metadata daemon socket.
[[0;32m  OK  [0m] Listening on Network Service Netlink Socket.
[[0;32m  OK  [0m] Listening on Journal Audit Socket.
[[0;32m  OK  [0m] Listening on udev Control Socket.
[[0;32m  OK  [0m] Listening on Journal Socket (/dev/log).
[[0;32m  OK  [0m] Created slice system-serial\x2dgetty.slice.
[[0;32m  OK  [0m] Listening on /dev/initctl Compatibility Named Pipe.
[[0;32m  OK  [0m] Listening on udev Kernel Socket.
[[0;32m  OK  [0m] Listening on Syslog Socket.
[[0;32m  OK  [0m] Listening on Journal Socket.
         Mounting Kernel Debug File System...
         Starting Set the console keyboard layout...
         Mounting POSIX Message Queue File System...
         Starting Journal Service...
         Starting udev Coldplug all Devices...
[[0;32m  OK  [0m] Listening on LVM2 poll daemon socket.
         Mounting Huge Pages File System...
         Starting Load Kernel Modules...
[[0;32m  OK  [0m] Listening on Device-mapper event daemon FIFOs.
         Starting Monitoring of LVM2 mirrors…ng dmeventd or progress polling...
[[0;32m  OK  [0m] Created slice User and Session Slice.
[[0;32m  OK  [0m] Reached target Slices.
[    5.472171] Loading iSCSI transport class v2.0-870.
[    5.476900] iscsi: registered transport (tcp)
         Starting Create list of required st…ce nodes for the current kernel...
[[0;32m  OK  [0m] Listening on fsck to fsckd communication Socket.
         Starting File System Check on Root Device...
         Starting Uncomplicated firewall...
[[0;32m  OK  [0m] Started Journal Service.
[[0;32m  OK  [0m] Mounted Kernel Debug File System.
[[0;32m  OK  [0m] Mounted POSIX Message Queue File System.
[[0;32m  OK  [0m] Mounted Huge Pages File System.
[    5.496235] iscsi: registered transport (iser)
[[0;32m  OK  [0m] Started Load Kernel Modules.
         Mounting FUSE Control File System...
         Starting Apply Kernel Variables...
         Mounting Kernel Configuration File System...
[[0;32m  OK  [0m] Mounted FUSE Control File System.
[[0;32m  OK  [0m] Started Create list of required sta…vice nodes for the current kernel.
[[0;32m  OK  [0m] Mounted Kernel Configuration File System.
[[0;32m  OK  [0m] Started File System Check Daemon to report status.
[[0;32m  OK  [0m] Started LVM2 metadata daemon.
         Starting Create Static Device Nodes in /dev...
[[0;32m  OK  [0m] Started Uncomplicated firewall.
[[0;32m  OK  [0m] Started udev Coldplug all Devices.
[[0;32m  OK  [0m] Started Create Static Device Nodes in /dev.
[[0;32m  OK  [0m] Started Apply Kernel Variables.
[[0;32m  OK  [0m] Started File System Check on Root Device.
         Starting Remount Root and Kernel File Systems...
[[0;32m  OK  [0m] Started Monitoring of LVM2 mirrors,…sing dmeventd or progress polling.
[[0;32m  OK  [0m] Started Remount Root and Kernel File Systems.
         Starting Flush Journal to Persistent Storage...
         Starting Load/Save Random Seed...
         Starting udev Kernel Device Manager...
[[0;32m  OK  [0m] Started Set the console keyboard layout.
[[0;32m  OK  [0m] Started Load/Save Random Seed.
[[0;32m  OK  [0m] Reached target Local File Systems (Pre).
[[0;32m  OK  [0m] Reached target Local File Systems.
         Starting ebtables ruleset management...
         Starting Set console font and keymap...
         Starting Commit a transient machine-id on disk...
         Starting AppArmor initialization...
         Starting Tell Plymouth To Write Out Runtime Data...
[[0;32m  OK  [0m] Started udev Kernel Device Manager.
[[0;32m  OK  [0m] Started Set console font and keymap.
[[0;32m  OK  [0m] Started Tell Plymouth To Write Out Runtime Data.
[[0;32m  OK  [0m] Started Dispatch Password Requests to Console Directory Watch.
[[0;32m  OK  [0m] Reached target Local Encrypted Volumes.
[[0;32m  OK  [0m] Started Commit a transient machine-id on disk.
[[0;32m  OK  [0m] Started Flush Journal to Persistent Storage.
         Starting Create Volatile Files and Directories...
[[0;32m  OK  [0m] Started ebtables ruleset management.
[[0;32m  OK  [0m] Started Create Volatile Files and Directories.
         Starting Update UTMP about System Boot/Shutdown...
[[0;32m  OK  [0m] Started Update UTMP about System Boot/Shutdown.
[[0;32m  OK  [0m] Found device /dev/ttyS0.
[[0;32m  OK  [0m] Listening on Load/Save RF Kill Switch Status /dev/rfkill Watch.
[[0;32m  OK  [0m] Started AppArmor initialization.
         Starting Load AppArmor profiles managed internally by snapd...
         Starting Initial cloud-init job (pre-networking)...
[[0;32m  OK  [0m] Started Load AppArmor profiles managed internally by snapd.
[    7.070532] cloud-init[581]: Cloud-init v. 21.2-3-g899bfaa9-0ubuntu2~18.04.1 running 'init-local' at Thu, 07 Apr 2022 01:00:04 +0000. Up 6.80 seconds.
[[0;32m  OK  [0m] Started Initial cloud-init job (pre-networking).
[[0;32m  OK  [0m] Reached target Network (Pre).
         Starting Network Service...
[[0;32m  OK  [0m] Started Network Service.
         Starting Wait for Network to be Configured...
         Starting Network Name Resolution...
[[0;32m  OK  [0m] Started Network Name Resolution.
[[0;32m  OK  [0m] Reached target Network.
[[0;32m  OK  [0m] Reached target Host and Network Name Lookups.
[[0;32m  OK  [0m] Started Wait for Network to be Configured.
         Starting Initial cloud-init job (metadata service crawler)...
[    9.030349] cloud-init[704]: Cloud-init v. 21.2-3-g899bfaa9-0ubuntu2~18.04.1 running 'init' at Thu, 07 Apr 2022 01:00:06 +0000. Up 8.93 seconds.
[    9.031603] cloud-init[704]: ci-info: ++++++++++++++++++++++++++++++++++++++Net device info++++++++++++++++++++++++++++++++++++++
[    9.033179] cloud-init[704]: ci-info: +--------+------+----------------------------+---------------+--------+-------------------+
[    9.034940] cloud-init[704]: ci-info: | Device |  Up  |          Address           |      Mask     | Scope  |     Hw-Address    |
[    9.036700] cloud-init[704]: ci-info: +--------+------+----------------------------+---------------+--------+-------------------+
[    9.038467] cloud-init[704]: ci-info: | enp0s3 | True |         10.0.2.15          | 255.255.255.0 | global | 02:2a:e1:ea:70:72 |
[    9.040095] cloud-init[704]: ci-info: | enp0s3 | True | fe80::2a:e1ff:feea:7072/64 |       .       |  link  | 02:2a:e1:ea:70:72 |
[    9.042272] cloud-init[704]: ci-info: |   lo   | True |         127.0.0.1          |   255.0.0.0   |  host  |         .         |
[    9.043614] cloud-init[704]: ci-info: |   lo   | True |          ::1/128           |       .       |  host  |         .         |
[    9.045075] cloud-init[704]: ci-info: +--------+------+----------------------------+---------------+--------+-------------------+
[    9.046925] cloud-init[704]: ci-info: ++++++++++++++++++++++++++++Route IPv4 info+++++++++++++++++++++++++++++
[    9.048325] cloud-init[704]: ci-info: +-------+-------------+----------+-----------------+-----------+-------+
[    9.049612] cloud-init[704]: ci-info: | Route | Destination | Gateway  |     Genmask     | Interface | Flags |
[    9.051273] cloud-init[704]: ci-info: +-------+-------------+----------+-----------------+-----------+-------+
[    9.052876] cloud-init[704]: ci-info: |   0   |   0.0.0.0   | 10.0.2.2 |     0.0.0.0     |   enp0s3  |   UG  |
[    9.069180] cloud-init[704]: ci-info: |   1   |   10.0.2.0  | 0.0.0.0  |  255.255.255.0  |   enp0s3  |   U   |
[    9.070586] cloud-init[704]: ci-info: |   2   |   10.0.2.2  | 0.0.0.0  | 255.255.255.255 |   enp0s3  |   UH  |
[    9.071986] cloud-init[704]: ci-info: +-------+-------------+----------+-----------------+-----------+-------+
[    9.073508] cloud-init[704]: ci-info: +++++++++++++++++++Route IPv6 info+++++++++++++++++++
[    9.074696] cloud-init[704]: ci-info: +-------+-------------+---------+-----------+-------+
[    9.076333] cloud-init[704]: ci-info: | Route | Destination | Gateway | Interface | Flags |
[    9.077544] cloud-init[704]: ci-info: +-------+-------------+---------+-----------+-------+
[    9.078716] cloud-init[704]: ci-info: |   1   |  fe80::/64  |    ::   |   enp0s3  |   U   |
[    9.079907] cloud-init[704]: ci-info: |   3   |    local    |    ::   |   enp0s3  |   U   |
[    9.081165] cloud-init[704]: ci-info: |   4   |   ff00::/8  |    ::   |   enp0s3  |   U   |
[    9.082530] cloud-init[704]: ci-info: +-------+-------------+---------+-----------+-------+
[   10.044052] cloud-init[704]: Generating public/private rsa key pair.
[   10.044862] cloud-init[704]: Your identification has been saved in /etc/ssh/ssh_host_rsa_key.
[   10.046274] cloud-init[704]: Your public key has been saved in /etc/ssh/ssh_host_rsa_key.pub.
[   10.047837] cloud-init[704]: The key fingerprint is:
[   10.048741] cloud-init[704]: SHA256:zTzz6+sDz35WvHvQ6wVtA01wa0L9j9OWdR/zmrd28sA root@ubuntu-bionic
[   10.050352] cloud-init[704]: The key's randomart image is:
[   10.051676] cloud-init[704]: +---[RSA 2048]----+
[   10.064246] cloud-init[704]: |             ooo |
[   10.064775] cloud-init[704]: |            . +..|
[   10.076206] cloud-init[704]: |             o +.|
[   10.077013] cloud-init[704]: |         +    +++|
[   10.078103] cloud-init[704]: |        S *   .*%|
[   10.078932] cloud-init[704]: |          .+ .++@|
[   10.079769] cloud-init[704]: |           +. EB+|
[   10.080568] cloud-init[704]: |            +.*==|
[   10.081411] cloud-init[704]: |           +*=oB*|
[   10.082242] cloud-init[704]: +----[SHA256]-----+
[   10.082916] cloud-init[704]: Generating public/private dsa key pair.
[   10.084251] cloud-init[704]: Your identification has been saved in /etc/ssh/ssh_host_dsa_key.
[   10.085342] cloud-init[704]: Your public key has been saved in /etc/ssh/ssh_host_dsa_key.pub.
[   10.086818] cloud-init[704]: The key fingerprint is:
[   10.087700] cloud-init[704]: SHA256:5T2adiMY+yKZ+q4BPvovI8vtRcMOGVze846Tr5k2R/Y root@ubuntu-bionic
[   10.089242] cloud-init[704]: The key's randomart image is:
[   10.090195] cloud-init[704]: +---[DSA 1024]----+
[   10.100560] cloud-init[704]: |     .           |
[   10.101776] cloud-init[704]: |  . o .          |
[   10.102811] cloud-init[704]: |   o . o  .      |
[   10.103726] cloud-init[704]: |    +   oo .     |
[   10.104777] cloud-init[704]: |  .o +  S.. o    |
[   10.105819] cloud-init[704]: | . .+ . +* o .   |
[   10.106922] cloud-init[704]: |  o .o *=.* o    |
[   10.107836] cloud-init[704]: |o.+...+o*+ E .   |
[   10.108874] cloud-init[704]: |o=o*+=+=+o.      |
[   10.109849] cloud-init[704]: +----[SHA256]-----+
[   10.110923] cloud-init[704]: Generating public/private ecdsa key pair.
[   10.112360] cloud-init[704]: Your identification has been saved in /etc/ssh/ssh_host_ecdsa_key.
[   10.114206] cloud-init[704]: Your public key has been saved in /etc/ssh/ssh_host_ecdsa_key.pub.
[   10.115365] [[0;32m  OK  [0m] Started Initial cloud-init job (metadata service crawler).
[[0;32m  OK  [0m] Reached target System Initialization.
[[0;32m  OK  [0m] Started Daily apt download activities.
[[0;32m  OK  [0m] Listening on UUID daemon activation socket.
[[0;32m  OK  [0m] Started Discard unused blocks once a week.
[[0;32m  OK  [0m] Listening on D-Bus System Message Bus Socket.
[[0;32m  OK  [0m] Started Message of the Day.
[[0;32m  OK  [0m] Started Ubuntu Advantage update messaging.
cloud-init[704]: The key fingerprint is:
[[0;32m  OK  [0m] Started ACPI Events Check.
[[0;32m  OK  [0m] Started Daily apt upgrade and clean activities.
[   10.125339] cloud-init[704]: SHA256:fODhraZm+kqZFJGXwBy95IANYGsF10uUElAaqBzGG1M root@ubuntu-bionic
         Starting Socket activation for snappy daemon.
[   10.130665] [cloud-init[0;32m  OK  [0m[704]: ] The key's randomart image is:Started Daily Cleanup of Temporary Directories.

[[0;32m  OK  [0m] Reached target Timers.
[[0;32m  OK  [0m] Reached target Paths.
[   10.152981] cloud-init[704]: +---[ECDSA 256]---+
         Starting LXD - unix socket.
[   10.156094] [[0;32m  OK  [0m] Listening on Open-iSCSI iscsid Socket.
[[0;32m  OK  [0m] Listening on ACPID Listen Socket.
[[0;32m  OK  [0m] Reached target Cloud-config availability.
[[0;32m  OK  [0m] Reached target Network is Online.
cloud-init[704]: |+**EB*..         |
[[0;32m  OK  [0m] Reached target Remote File Systems (Pre).
[[0;32m  OK  [0m] Reached target Remote File Systems.
         Starting Availability of block devices...
[[0;32m  OK  [0m] Listening on Socket activation for snappy daemon.
[[0;32m  OK  [0m] Listening on LXD - unix socket.
[[0;32m  OK  [0m] Reached target Sockets.
[[0;32m  OK  [0m] Reached target Basic System.
         Starting Virtualbox guest utils...
         Starting Permit User Sessions...
[[0;32m  OK  [0m] Started Deferred execution scheduler.
         Starting Accounts Service...
         Starting LSB: Record successful boot for GRUB...
         Starting Login Service...
[   10.165246] cloud-init[704]: |o*B.*==          |
[   10.185552] cloud-init[704]: |++= +=..o        |
[   10.196169] cloud-init[704]: |oo   oo+ +       |
[[0;32m  OK  [0m] Started irqbalance daemon.
[[0;32m  OK  [0m] Started FUSE filesystem for LXC.
[[0;32m  OK  [0m] Started D-Bus System Message Bus.
[   10.214413] cloud-init[704]: |    .   S o      |
[   10.221381] cloud-init[704]: |   . o   o       |
[   10.222268] cloud-init[704]: |    +   o        |
[   10.223114] cloud-init[704]: |   .  oo         |
[   10.223998] cloud-init[704]: |    o*o          |
[   10.224867] cloud-init[704]: +----[SHA256]-----+
[   10.225705] cloud-init[704]: Generating public/private ed25519 key pair.
[   10.226997] cloud-init[704]: Your identification has been saved in /etc/ssh/ssh_host_ed25519_key.
[   10.228579] cloud-init[704]: Your public key has been saved in /etc/ssh/ssh_host_ed25519_key.pub.
[   10.230163] cloud-init[704]: The key fingerprint is:
[   10.230758] cloud-init[704]: SHA256:jDoUStKZz3omGSPMQwxguFHLBkbH/mQgqLnTlmWzxV0 root@ubuntu-bionic
[   10.232187] cloud-init[704]: The key's randomart image is:
[   10.233203] cloud-init[704]: +--[ED25519 256]--+
[   10.244267] cloud-init[704]: |O=o.             |
[   10.245612] cloud-init[704]: |O=.*      E      |
[   10.246460] cloud-init[704]: |o*@ o. . .       |
[   10.247412] cloud-init[704]: |B+ =++oo.        |
[   10.248091] cloud-init[704]: |.*++B+. S        |
[   10.248558] cloud-init[704]: |o.=*.o           |
[   10.260395] cloud-init[704]: | o+ =            |
[   10.261784] cloud-init[704]: |   + .           |
[   10.263437] cloud-init[704]: |                 |
[   10.265271] cloud-init[704]: +----[SHA256]-----+
[[0;32m  OK  [0m] Started Regular background program processing daemon.
         Starting LXD - container startup/shutdown...
         Starting System Logging Service...
         Starting Dispatcher daemon for systemd-networkd...
         Starting LSB: automatic crash report generation...
         Starting Pollinate to seed the pseudo random number generator...
         Starting Snap Daemon...
[[0;32m  OK  [0m] Started System Logging Service.
[[0;32m  OK  [0m] Started Availability of block devices.
[[0;32m  OK  [0m] Started Permit User Sessions.
[[0;32m  OK  [0m] Started Login Service.
[[0;32m  OK  [0m] Started LXD - container startup/shutdown.
         Starting Authorization Manager...
[[0;32m  OK  [0m] Started Unattended Upgrades Shutdown.
         Starting Terminate Plymouth Boot Screen...
         Starting Hold until boot process finishes up...
[[0;32m  OK  [0m] Started Hold until boot process finishes up.
[[0;32m  OK  [0m] Started Serial Getty on ttyS0.
         Starting Set console scheme...
[[0;32m  OK  [0m] Started Terminate Plymouth Boot Screen.
[[0;32m  OK  [0m] Started LSB: Record successful boot for GRUB.
[[0;32m  OK  [0m] Started Set console scheme.
[[0;32m  OK  [0m] Created slice system-getty.slice.
[[0;32m  OK  [0m] Started Getty on tty1.
[[0;32m  OK  [0m] Reached target Login Prompts.
[[0;32m  OK  [0m] Started Authorization Manager.
[[0;32m  OK  [0m] Started Accounts Service.
[[0;32m  OK  [0m] Started LSB: automatic crash report generation.
[[0;32m  OK  [0m] Started Virtualbox guest utils.
[[0;32m  OK  [0m] Started Dispatcher daemon for systemd-networkd.
[[0;32m  OK  [0m] Started Snap Daemon.
         Starting Wait until snapd is fully seeded...
[[0;32m  OK  [0m] Started Pollinate to seed the pseudo random number generator.
         Starting OpenBSD Secure Shell server...
[[0;32m  OK  [0m] Started OpenBSD Secure Shell server.
[[0;32m  OK  [0m] Created slice User Slice of vagrant.
         Starting User Manager for UID 1000...
[[0;32m  OK  [0m] Started Session 1 of user vagrant.
[[0;32m  OK  [0m] Started User Manager for UID 1000.
[[0;32m  OK  [0m] Started Wait until snapd is fully seeded.
         Starting Apply the settings specified in cloud-config...
[[0;32m  OK  [0m] Reached target Multi-User System.
[[0;32m  OK  [0m] Reached target Graphical Interface.
         Starting Update UTMP about System Runlevel Changes...
[[0;32m  OK  [0m] Started Update UTMP about System Runlevel Changes.
[   13.303124] cloud-init[1273]: Cloud-init v. 21.2-3-g899bfaa9-0ubuntu2~18.04.1 running 'modules:config' at Thu, 07 Apr 2022 01:00:10 +0000. Up 12.95 seconds.
[[0;32m  OK  [0m] Started Apply the settings specified in cloud-config.
         Starting Execute cloud user/final scripts...
ci-info: no authorized SSH keys fingerprints found for user ubuntu.
<14>Apr  7 01:00:11 cloud-init: #############################################################
<14>Apr  7 01:00:11 cloud-init: -----BEGIN SSH HOST KEY FINGERPRINTS-----
<14>Apr  7 01:00:11 cloud-init: 1024 SHA256:5T2adiMY+yKZ+q4BPvovI8vtRcMOGVze846Tr5k2R/Y root@ubuntu-bionic (DSA)
<14>Apr  7 01:00:11 cloud-init: 256 SHA256:fODhraZm+kqZFJGXwBy95IANYGsF10uUElAaqBzGG1M root@ubuntu-bionic (ECDSA)
<14>Apr  7 01:00:11 cloud-init: 256 SHA256:jDoUStKZz3omGSPMQwxguFHLBkbH/mQgqLnTlmWzxV0 root@ubuntu-bionic (ED25519)
<14>Apr  7 01:00:11 cloud-init: 2048 SHA256:zTzz6+sDz35WvHvQ6wVtA01wa0L9j9OWdR/zmrd28sA root@ubuntu-bionic (RSA)
<14>Apr  7 01:00:11 cloud-init: -----END SSH HOST KEY FINGERPRINTS-----
<14>Apr  7 01:00:11 cloud-init: #############################################################
-----BEGIN SSH HOST KEY KEYS-----
ecdsa-sha2-nistp256 AAAAE2VjZHNhLXNoYTItbmlzdHAyNTYAAAAIbmlzdHAyNTYAAABBBAlvAUS09/aJj1+M41LAuz5VoOoqAJcPsIjjFH7PNZE45PGmPlTEtc15S6wCoEV6ax5Tx84vD+WTmk1dG6EVhcY= root@ubuntu-bionic
ssh-ed25519 AAAAC3NzaC1lZDI1NTE5AAAAINfPvDwE/isE5TwWmarJ9lG0EkR9pPLgzbu/8l2UkqH5 root@ubuntu-bionic
ssh-rsa AAAAB3NzaC1yc2EAAAADAQABAAABAQC6CZbjBklTZdD03xtyJP7HnO/06Ip0k60rgkJcDKF0WUQzvxd+Tk/2dELzmE+LiK5fgA2iVAv6uvqqXjSRvE3AVaQctLCS5KhXa32aDGPPkrzp7eJNTSju2W5shNEAGYBSNZ+Z1+J6Zfh1mOuP5bCIA2foHFKsX0qp02ovNAlDSGCT4UyIdDbLey98VOjVyGj/jChMeXvDQgVYczpHNYAuZYiHprBxwZq+0bAnxk5NhSV7ankA6/NMoXDF1PvQV5UI/nw+HvYxXdflRAO+PIoab5HmsSDtTLXWdkDij8F3N7UJYXaDxx4B7I+MEymdniaXr3MW0k1M+ituOoXD0Dkb root@ubuntu-bionic
-----END SSH HOST KEY KEYS-----
[   13.826286] cloud-init[1374]: Cloud-init v. 21.2-3-g899bfaa9-0ubuntu2~18.04.1 running 'modules:final' at Thu, 07 Apr 2022 01:00:11 +0000. Up 13.67 seconds.
[   13.828292] cloud-init[1374]: ci-info: no authorized SSH keys fingerprints found for user ubuntu.
[   13.829618] cloud-init[1374]: Cloud-init v. 21.2-3-g899bfaa9-0ubuntu2~18.04.1 finished at Thu, 07 Apr 2022 01:00:11 +0000. Datasource DataSourceNoCloud [seed=/dev/sdb][dsmode=net].  Up 13.81 seconds
[[0;32m  OK  [0m] Started Execute cloud user/final scripts.
[[0;32m  OK  [0m] Reached target Cloud-init target.

Ubuntu 18.04.5 LTS ubuntu-bionic ttyS0

ubuntu-bionic login:          Stopping Authorization Manager...
         Stopping User Manager for UID 1000...
[[0;32m  OK  [0m] Stopped target Timers.
[[0;32m  OK  [0m] Stopped Daily apt upgrade and clean activities.
         Unmounting /vagrant...
[[0;32m  OK  [0m] Closed Load/Save RF Kill Switch Status /dev/rfkill Watch.
[[0;32m  OK  [0m] Stopped Ubuntu Advantage update messaging.
         Stopping Session 8 of user vagrant.
[[0;32m  OK  [0m] Stopped Daily apt download activities.
[[0;32m  OK  [0m] Stopped Message of the Day.
[[0;32m  OK  [0m] Stopped target Cloud-init target.
[[0;32m  OK  [0m] Stopped Daily Cleanup of Temporary Directories.
[[0;32m  OK  [0m] Stopped Execute cloud user/final scripts.
[[0;32m  OK  [0m] Stopped Apply the settings specified in cloud-config.
         Stopping Availability of block devices...
         Unmounting /home/vagrant/shared...
[[0;32m  OK  [0m] Stopped target Cloud-config availability.
[[0;32m  OK  [0m] Stopped target Graphical Interface.
         Stopping Accounts Service...
[[0;32m  OK  [0m] Stopped target Multi-User System.
         Stopping FUSE filesystem for LXC...
         Stopping Regular background program processing daemon...
[[0;32m  OK  [0m] Stopped Wait until snapd is fully seeded.
         Stopping LSB: Record successful boot for GRUB...
         Stopping LXD - container startup/shutdown...
         Stopping System Logging Service...
         Stopping Dispatcher daemon for systemd-networkd...
         Stopping D-Bus System Message Bus...
         Stopping Docker Application Container Engine...
         Stopping LSB: automatic crash report generation...
         Unmounting /home/vagrant/examples...
         Stopping OpenBSD Secure Shell server...
[[0;32m  OK  [0m] Stopped target Login Prompts.
         Stopping Getty on tty1...
         Stopping Serial Getty on ttyS0...
[[0;32m  OK  [0m] Stopped target Host and Network Name Lookups.
[[0;32m  OK  [0m] Stopped Discard unused blocks once a week.
[[0;32m  OK  [0m] Stopped target System Time Synchronized.
         Stopping Deferred execution scheduler...
         Stopping vboxadd-service.service...
         Stopping irqbalance daemon...
[[0;32m  OK  [0m] Unmounted /var/lib/lxcfs.
[[0;32m  OK  [0m] Stopped Deferred execution scheduler.
[[0;32m  OK  [0m] Stopped Accounts Service.
[[0;32m  OK  [0m] Stopped irqbalance daemon.
[[0;32m  OK  [0m] Stopped Regular background program processing daemon.
[[0;32m  OK  [0m] Stopped System Logging Service.
[[0;32m  OK  [0m] Stopped Dispatcher daemon for systemd-networkd.
[[0;32m  OK  [0m] Stopped Authorization Manager.
[[0;32m  OK  [0m] Stopped Serial Getty on ttyS0.
[[0;32m  OK  [0m] Stopped Getty on tty1.
[[0;32m  OK  [0m] Stopped OpenBSD Secure Shell server.
[[0;32m  OK  [0m] Stopped Docker Application Container Engine.
[[0;32m  OK  [0m] Stopped User Manager for UID 1000.
[[0;32m  OK  [0m] Unmounted /vagrant.
[[0;32m  OK  [0m] Stopped Availability of block devices.
[[0;32m  OK  [0m] Unmounted /home/vagrant/shared.
[[0;32m  OK  [0m] Stopped D-Bus System Message Bus.
[[0;32m  OK  [0m] Unmounted /home/vagrant/examples.
[[0;32m  OK  [0m] Stopped FUSE filesystem for LXC.
[[0;32m  OK  [0m] Stopped Session 8 of user vagrant.
[[0;32m  OK  [0m] Removed slice User Slice of vagrant.
         Stopping Login Service...
         Stopping containerd container runtime...
[[0;32m  OK  [0m] Stopped target Network is Online.
[[0;32m  OK  [0m] Removed slice system-getty.slice.
[[0;32m  OK  [0m] Removed slice system-serial\x2dgetty.slice.
         Stopping Permit User Sessions...
[[0;32m  OK  [0m] Stopped containerd container runtime.
[[0;32m  OK  [0m] Stopped LXD - container startup/shutdown.
[[0;32m  OK  [0m] Stopped vboxadd-service.service.
         Stopping vboxadd.service...
[[0;32m  OK  [0m] Stopped Permit User Sessions.
[[0;32m  OK  [0m] Stopped target Network.
         Stopping Network Name Resolution...
[[0;32m  OK  [0m] Stopped LSB: Record successful boot for GRUB.
[[0;32m  OK  [0m] Stopped Network Name Resolution.
[[0;32m  OK  [0m] Stopped LSB: automatic crash report generation.
[[0;32m  OK  [0m] Stopped target Remote File Systems.
[[0;32m  OK  [0m] Stopped target Remote File Systems (Pre).
[[0;32m  OK  [0m] Stopped Login Service.
[[0;32m  OK  [0m] Stopped target User and Group Name Lookups.
[[0;32m  OK  [0m] Stopped vboxadd.service.
[[0;32m  OK  [0m] Stopped target Basic System.
[[0;32m  OK  [0m] Stopped target Paths.
[[0;32m  OK  [0m] Stopped ACPI Events Check.
[[0;32m  OK  [0m] Stopped target Sockets.
[[0;32m  OK  [0m] Closed Socket activation for snappy daemon.
[[0;32m  OK  [0m] Closed Open-iSCSI iscsid Socket.
[[0;32m  OK  [0m] Closed D-Bus System Message Bus Socket.
[[0;32m  OK  [0m] Closed UUID daemon activation socket.
[[0;32m  OK  [0m] Closed LXD - unix socket.
[[0;32m  OK  [0m] Closed ACPID Listen Socket.
[[0;32m  OK  [0m] Closed Docker Socket for the API.
[[0;32m  OK  [0m] Closed Syslog Socket.
[[0;32m  OK  [0m] Stopped target System Initialization.
[[0;32m  OK  [0m] Stopped target Local Encrypted Volumes.
[[0;32m  OK  [0m] Stopped Forward Password Requests to Wall Directory Watch.
[[0;32m  OK  [0m] Stopped Dispatch Password Requests to Console Directory Watch.
[[0;32m  OK  [0m] Stopped Commit a transient machine-id on disk.
[[0;32m  OK  [0m] Stopped Initial cloud-init job (metadata service crawler).
[[0;32m  OK  [0m] Stopped Wait for Network to be Configured.
         Stopping Network Service...
         Stopping Update UTMP about System Boot/Shutdown...
         Stopping Load/Save Random Seed...
[[0;32m  OK  [0m] Stopped target Slices.
[[0;32m  OK  [0m] Removed slice User and Session Slice.
[[0;32m  OK  [0m] Stopped Network Service.
[[0;32m  OK  [0m] Stopped Load/Save Random Seed.
[[0;32m  OK  [0m] Stopped target Network (Pre).
[[0;32m  OK  [0m] Stopped Initial cloud-init job (pre-networking).
[[0;32m  OK  [0m] Stopped Apply Kernel Variables.
[[0;32m  OK  [0m] Stopped Load Kernel Modules.
[[0;32m  OK  [0m] Stopped Update UTMP about System Boot/Shutdown.
[[0;32m  OK  [0m] Stopped Create Volatile Files and Directories.
[[0;32m  OK  [0m] Stopped target Local File Systems.
         Unmounting /run/user/1000...
[[0;32m  OK  [0m] Unmounted /run/user/1000.
[[0;32m  OK  [0m] Reached target Unmount All Filesystems.
[[0;32m  OK  [0m] Stopped target Swap.
[[0;32m  OK  [0m] Stopped target Local File Systems (Pre).
         Stopping Monitoring of LVM2 mirrors…ng dmeventd or progress polling...
[[0;32m  OK  [0m] Stopped Remount Root and Kernel File Systems.
[[0;32m  OK  [0m] Stopped Create Static Device Nodes in /dev.
[[0;32m  OK  [0m] Reached target Shutdown.
[[0;32m  OK  [0m] Reached target Final Step.
         Starting Power-Off...
[ 1082.261800] reboot: Power down
